<?xml version="1.0" encoding="UTF-8"?>
<!-- Generated by org.testng.reporters.JUnitReportReporter -->
<testsuite hostname="LAPTOP-P2ONR4UD" failures="0" tests="1" name="restAssuredTests.GetAllUsers" time="4.038" errors="0" timestamp="2024-10-17T11:07:59 EDT" skipped="0">
  <testcase classname="restAssuredTests.GetAllUsers" name="getalluserdetails" time="4.038"/>
  <system-out/>
</testsuite> <!-- restAssuredTests.GetAllUsers -->
