<?xml version="1.0" encoding="UTF-8"?>
<!-- Generated by org.testng.reporters.JUnitReportReporter -->
<testsuite hostname="LAPTOP-P2ONR4UD" failures="0" tests="1" name="Negativesenarios.addExistingEmailid" time="2.102" errors="0" timestamp="2024-10-18T13:22:25 EDT" skipped="0">
  <testcase classname="Negativesenarios.addExistingEmailid" name="addexistingemail" time="2.102"/>
  <system-out/>
</testsuite> <!-- Negativesenarios.addExistingEmailid -->
