<?xml version="1.0" encoding="UTF-8"?>
<!-- Generated by org.testng.reporters.JUnitReportReporter -->
<testsuite hostname="LAPTOP-P2ONR4UD" failures="0" tests="1" name="Negativesenarios.Postinvalidendpoint" time="1.963" errors="0" timestamp="2024-10-18T13:13:43 EDT" skipped="0">
  <testcase classname="Negativesenarios.Postinvalidendpoint" name="adduser" time="1.963"/>
  <system-out/>
</testsuite> <!-- Negativesenarios.Postinvalidendpoint -->
