<?xml version="1.0" encoding="UTF-8"?>
<!-- Generated by org.testng.reporters.JUnitReportReporter -->
<testsuite hostname="LAPTOP-P2ONR4UD" failures="0" tests="1" name="restAssuredTests.PostAdduser" time="5.961" errors="0" timestamp="2024-10-18T13:02:39 EDT" skipped="0">
  <testcase classname="restAssuredTests.PostAdduser" name="adduser" time="5.961"/>
  <system-out/>
</testsuite> <!-- restAssuredTests.PostAdduser -->
